0 info it worked if it ends with ok
1 verbose cli [ 'C:\\Program Files\\nodejs\\node.exe',
1 verbose cli   'D:\\Full Stack Online Course\\Bootstrap4\\conFusion\\node_modules\\npm\\bin\\npm-cli.js',
1 verbose cli   'run',
1 verbose cli   'watch:all' ]
2 info using npm@3.10.10
3 info using node@v10.2.1
4 verbose run-script [ 'prewatch:all', 'watch:all', 'postwatch:all' ]
5 info lifecycle confusion@1.0.0~prewatch:all: confusion@1.0.0
6 silly lifecycle confusion@1.0.0~prewatch:all: no script for prewatch:all, continuing
7 info lifecycle confusion@1.0.0~watch:all: confusion@1.0.0
8 verbose lifecycle confusion@1.0.0~watch:all: unsafe-perm in lifecycle true
9 verbose lifecycle confusion@1.0.0~watch:all: PATH: D:\Full Stack Online Course\Bootstrap4\conFusion\node_modules\npm\bin\node-gyp-bin;D:\Full Stack Online Course\Bootstrap4\conFusion\node_modules\.bin;C:\Users\parth_000\AppData\Roaming\npm\node_modules\npm\node_modules\npm-lifecycle\node-gyp-bin;D:\Full Stack Online Course\Bootstrap4\conFusion\node_modules\.bin;C:\ProgramData\Oracle\Java\javapath;C:\Program Files (x86)\Intel\iCLS Client\;C:\Program Files\Intel\iCLS Client\;C:\Program Files (x86)\PC Connectivity Solution\;C:\WINDOWS\system32;C:\WINDOWS;C:\WINDOWS\System32\Wbem;C:\WINDOWS\System32\WindowsPowerShell\v1.0\;C:\Program Files (x86)\NVIDIA Corporation\PhysX\Common;C:\Program Files (x86)\Intel\Intel(R) Management Engine Components\DAL;C:\Program Files\Intel\Intel(R) Management Engine Components\DAL;C:\Program Files (x86)\Intel\Intel(R) Management Engine Components\IPT;C:\Program Files\Intel\Intel(R) Management Engine Components\IPT;C:\WINDOWS\system32;C:\WINDOWS;C:\WINDOWS\System32\Wbem;C:\WINDOWS\System32\WindowsPowerShell\v1.0\;C:\Program Files\Java\jdk1.8.0_112\bin\;C:\Program Files\Intel\WiFi\bin\;C:\Program Files\Common Files\Intel\WirelessCommon\;C:\WINDOWS\System32\OpenSSH\;C:\Program Files\Git\cmd;C:\Program Files\nodejs\;C:\Program Files\Java\jdk1.8.0_112;C:\Users\parth_000\AppData\Local\Microsoft\WindowsApps;C:\Users\parth_000\AppData\Local\Microsoft\WindowsApps;;C:\Program Files\Microsoft VS Code\bin;C:\Users\parth_000\AppData\Roaming\npm
10 verbose lifecycle confusion@1.0.0~watch:all: CWD: D:\Full Stack Online Course\Bootstrap4\conFusion
11 silly lifecycle confusion@1.0.0~watch:all: Args: [ '/d /s /c',
11 silly lifecycle   'parallelshell "npm run watch:scss" "npm run lite"' ]
12 verbose stack Error: kill ENOSYS
12 verbose stack     at process.kill (internal/process.js:186:13)
12 verbose stack     at process.listener (D:\Full Stack Online Course\Bootstrap4\conFusion\node_modules\npm\node_modules\npmlog\node_modules\gauge\node_modules\signal-exit\index.js:86:15)
12 verbose stack     at process.emit (events.js:187:15)
13 verbose cwd D:\Full Stack Online Course\Bootstrap4\conFusion
14 error Windows_NT 10.0.17134
15 error argv "C:\\Program Files\\nodejs\\node.exe" "D:\\Full Stack Online Course\\Bootstrap4\\conFusion\\node_modules\\npm\\bin\\npm-cli.js" "run" "watch:all"
16 error node v10.2.1
17 error npm  v3.10.10
18 error code ENOSYS
19 error errno ENOSYS
20 error syscall kill
21 error kill ENOSYS
22 error If you need help, you may report this error at:
22 error     <https://github.com/npm/npm/issues>
23 verbose exit [ 1, true ]
